# JRE version: Java(TM) SE Runtime Environment (8.0_152-b16) (build 1.8.0_152-b16)
# Java VM: Java HotSpot(TM) 64-Bit Server VM (25.152-b16 mixed mode windows-amd64 compressed oops)
Heap:
 PSYoungGen      total 208384K, used 95538K [0x00000000eb180000, 0x00000000f9800000, 0x0000000100000000)
  eden space 187392K, 46% used [0x00000000eb180000,0x00000000f0602ba8,0x00000000f6880000)
  from space 20992K, 42% used [0x00000000f6880000,0x00000000f7149da0,0x00000000f7d00000)
  to   space 18432K, 0% used [0x00000000f7d00000,0x00000000f7d00000,0x00000000f8f00000)
 ParOldGen       total 90624K, used 33943K [0x00000000c1400000, 0x00000000c6c80000, 0x00000000eb180000)
  object space 90624K, 37% used [0x00000000c1400000,0x00000000c3525c10,0x00000000c6c80000)
 Metaspace       used 62253K, capacity 65122K, committed 65152K, reserved 1105920K
  class space    used 8073K, capacity 8557K, committed 8576K, reserved 1048576K
GC Heap History (10 events):
Event: 14.072 GC heap before
{Heap before GC invocations=14 (full 2):
 PSYoungGen      total 130048K, used 127487K [0x00000000eb180000, 0x00000000f5e80000, 0x0000000100000000)
  eden space 117760K, 100% used [0x00000000eb180000,0x00000000f2480000,0x00000000f2480000)
  from space 12288K, 79% used [0x00000000f2480000,0x00000000f2dffef0,0x00000000f3080000)
  to   space 13312K, 0% used [0x00000000f5180000,0x00000000f5180000,0x00000000f5e80000)
 ParOldGen       total 59392K, used 15866K [0x00000000c1400000, 0x00000000c4e00000, 0x00000000eb180000)
  object space 59392K, 26% used [0x00000000c1400000,0x00000000c237eb00,0x00000000c4e00000)
 Metaspace       used 49789K, capacity 51514K, committed 51840K, reserved 1093632K
  class space    used 6332K, capacity 6657K, committed 6784K, reserved 1048576K
Event: 14.117 GC heap after
Heap after GC invocations=14 (full 2):
 PSYoungGen      total 161280K, used 13293K [0x00000000eb180000, 0x00000000f6400000, 0x0000000100000000)
  eden space 147968K, 0% used [0x00000000eb180000,0x00000000eb180000,0x00000000f4200000)
  from space 13312K, 99% used [0x00000000f5180000,0x00000000f5e7b788,0x00000000f5e80000)
  to   space 15872K, 0% used [0x00000000f4200000,0x00000000f4200000,0x00000000f5180000)
 ParOldGen       total 59392K, used 18262K [0x00000000c1400000, 0x00000000c4e00000, 0x00000000eb180000)
  object space 59392K, 30% used [0x00000000c1400000,0x00000000c25d59d8,0x00000000c4e00000)
 Metaspace       used 49789K, capacity 51514K, committed 51840K, reserved 1093632K
  class space    used 6332K, capacity 6657K, committed 6784K, reserved 1048576K
}
Event: 16.149 GC heap before
{Heap before GC invocations=15 (full 2):
 PSYoungGen      total 161280K, used 161261K [0x00000000eb180000, 0x00000000f6400000, 0x0000000100000000)
  eden space 147968K, 100% used [0x00000000eb180000,0x00000000f4200000,0x00000000f4200000)
  from space 13312K, 99% used [0x00000000f5180000,0x00000000f5e7b788,0x00000000f5e80000)
  to   space 15872K, 0% used [0x00000000f4200000,0x00000000f4200000,0x00000000f5180000)
 ParOldGen       total 59392K, used 18262K [0x00000000c1400000, 0x00000000c4e00000, 0x00000000eb180000)
  object space 59392K, 30% used [0x00000000c1400000,0x00000000c25d59d8,0x00000000c4e00000)
 Metaspace       used 54343K, capacity 56320K, committed 56448K, reserved 1097728K
  class space    used 6913K, capacity 7274K, committed 7296K, reserved 1048576K
Event: 16.181 GC heap after
Heap after GC invocations=15 (full 2):
 PSYoungGen      total 163840K, used 15860K [0x00000000eb180000, 0x00000000f8f00000, 0x0000000100000000)
  eden space 147968K, 0% used [0x00000000eb180000,0x00000000eb180000,0x00000000f4200000)
  from space 15872K, 99% used [0x00000000f4200000,0x00000000f517d1b0,0x00000000f5180000)
  to   space 18432K, 0% used [0x00000000f7d00000,0x00000000f7d00000,0x00000000f8f00000)
 ParOldGen       total 59392K, used 20304K [0x00000000c1400000, 0x00000000c4e00000, 0x00000000eb180000)
  object space 59392K, 34% used [0x00000000c1400000,0x00000000c27d43c8,0x00000000c4e00000)
 Metaspace       used 54343K, capacity 56320K, committed 56448K, reserved 1097728K
  class space    used 6913K, capacity 7274K, committed 7296K, reserved 1048576K
}
Event: 18.185 GC heap before
{Heap before GC invocations=16 (full 2):
 PSYoungGen      total 163840K, used 157382K [0x00000000eb180000, 0x00000000f8f00000, 0x0000000100000000)
  eden space 147968K, 95% used [0x00000000eb180000,0x00000000f3bb4668,0x00000000f4200000)
  from space 15872K, 99% used [0x00000000f4200000,0x00000000f517d1b0,0x00000000f5180000)
  to   space 18432K, 0% used [0x00000000f7d00000,0x00000000f7d00000,0x00000000f8f00000)
 ParOldGen       total 59392K, used 20304K [0x00000000c1400000, 0x00000000c4e00000, 0x00000000eb180000)
  object space 59392K, 34% used [0x00000000c1400000,0x00000000c27d43c8,0x00000000c4e00000)
 Metaspace       used 56913K, capacity 59120K, committed 59160K, reserved 1101824K
  class space    used 7287K, capacity 7662K, committed 7680K, reserved 1048576K
Event: 18.240 GC heap after
Heap after GC invocations=16 (full 2):
 PSYoungGen      total 205824K, used 17775K [0x00000000eb180000, 0x00000000f9800000, 0x0000000100000000)
  eden space 187392K, 0% used [0x00000000eb180000,0x00000000eb180000,0x00000000f6880000)
  from space 18432K, 96% used [0x00000000f7d00000,0x00000000f8e5bd28,0x00000000f8f00000)
  to   space 20992K, 0% used [0x00000000f6880000,0x00000000f6880000,0x00000000f7d00000)
 ParOldGen       total 59392K, used 23531K [0x00000000c1400000, 0x00000000c4e00000, 0x00000000eb180000)
  object space 59392K, 39% used [0x00000000c1400000,0x00000000c2afae30,0x00000000c4e00000)
 Metaspace       used 56913K, capacity 59120K, committed 59160K, reserved 1101824K
  class space    used 7287K, capacity 7662K, committed 7680K, reserved 1048576K
}
Event: 18.240 GC heap before
{Heap before GC invocations=17 (full 3):
 PSYoungGen      total 205824K, used 17775K [0x00000000eb180000, 0x00000000f9800000, 0x0000000100000000)
  eden space 187392K, 0% used [0x00000000eb180000,0x00000000eb180000,0x00000000f6880000)
  from space 18432K, 96% used [0x00000000f7d00000,0x00000000f8e5bd28,0x00000000f8f00000)
  to   space 20992K, 0% used [0x00000000f6880000,0x00000000f6880000,0x00000000f7d00000)
 ParOldGen       total 59392K, used 23531K [0x00000000c1400000, 0x00000000c4e00000, 0x00000000eb180000)
  object space 59392K, 39% used [0x00000000c1400000,0x00000000c2afae30,0x00000000c4e00000)
 Metaspace       used 56913K, capacity 59120K, committed 59160K, reserved 1101824K
  class space    used 7287K, capacity 7662K, committed 7680K, reserved 1048576K
Event: 18.503 GC heap after
Heap after GC invocations=17 (full 3):
 PSYoungGen      total 205824K, used 0K [0x00000000eb180000, 0x00000000f9800000, 0x0000000100000000)
  eden space 187392K, 0% used [0x00000000eb180000,0x00000000eb180000,0x00000000f6880000)
  from space 18432K, 0% used [0x00000000f7d00000,0x00000000f7d00000,0x00000000f8f00000)
  to   space 20992K, 0% used [0x00000000f6880000,0x00000000f6880000,0x00000000f7d00000)
 ParOldGen       total 90624K, used 33935K [0x00000000c1400000, 0x00000000c6c80000, 0x00000000eb180000)
  object space 90624K, 37% used [0x00000000c1400000,0x00000000c3523c10,0x00000000c6c80000)
 Metaspace       used 56913K, capacity 59120K, committed 59160K, reserved 1101824K
  class space    used 7287K, capacity 7662K, committed 7680K, reserved 1048576K
}
Event: 20.784 GC heap before
{Heap before GC invocations=18 (full 3):
 PSYoungGen      total 205824K, used 187392K [0x00000000eb180000, 0x00000000f9800000, 0x0000000100000000)
  eden space 187392K, 100% used [0x00000000eb180000,0x00000000f6880000,0x00000000f6880000)
  from space 18432K, 0% used [0x00000000f7d00000,0x00000000f7d00000,0x00000000f8f00000)
  to   space 20992K, 0% used [0x00000000f6880000,0x00000000f6880000,0x00000000f7d00000)
 ParOldGen       total 90624K, used 33935K [0x00000000c1400000, 0x00000000c6c80000, 0x00000000eb180000)
  object space 90624K, 37% used [0x00000000c1400000,0x00000000c3523c10,0x00000000c6c80000)
 Metaspace       used 60174K, capacity 62692K, committed 62848K, reserved 1103872K
  class space    used 7793K, capacity 8226K, committed 8320K, reserved 1048576K
Event: 20.812 GC heap after
Heap after GC invocations=18 (full 3):
 PSYoungGen      total 208384K, used 8999K [0x00000000eb180000, 0x00000000f9800000, 0x0000000100000000)
  eden space 187392K, 0% used [0x00000000eb180000,0x00000000eb180000,0x00000000f6880000)
  from space 20992K, 42% used [0x00000000f6880000,0x00000000f7149da0,0x00000000f7d00000)
  to   space 18432K, 0% used [0x00000000f7d00000,0x00000000f7d00000,0x00000000f8f00000)
 ParOldGen       total 90624K, used 33943K [0x00000000c1400000, 0x00000000c6c80000, 0x00000000eb180000)
  object space 90624K, 37% used [0x00000000c1400000,0x00000000c3525c10,0x00000000c6c80000)
 Metaspace       used 60174K, capacity 62692K, committed 62848K, reserved 1103872K
  class space    used 7793K, capacity 8226K, committed 8320K, reserved 1048576K
}

