# JRE version: Java(TM) SE Runtime Environment (8.0_152-b16) (build 1.8.0_152-b16)
# Java VM: Java HotSpot(TM) 64-Bit Server VM (25.152-b16 mixed mode windows-amd64 compressed oops)
Heap:
 PSYoungGen      total 222720K, used 50339K [0x00000000eb180000, 0x00000000f9d80000, 0x0000000100000000)
  eden space 205824K, 19% used [0x00000000eb180000,0x00000000ed976488,0x00000000f7a80000)
  from space 16896K, 55% used [0x00000000f8b00000,0x00000000f9432978,0x00000000f9b80000)
  to   space 16896K, 0% used [0x00000000f7a80000,0x00000000f7a80000,0x00000000f8b00000)
 ParOldGen       total 57344K, used 33855K [0x00000000c1400000, 0x00000000c4c00000, 0x00000000eb180000)
  object space 57344K, 59% used [0x00000000c1400000,0x00000000c350ffd8,0x00000000c4c00000)
 Metaspace       used 63477K, capacity 66302K, committed 66432K, reserved 1107968K
  class space    used 8248K, capacity 8713K, committed 8832K, reserved 1048576K
GC Heap History (10 events):
Event: 16.709 GC heap before
{Heap before GC invocations=15 (full 2):
 PSYoungGen      total 164864K, used 164859K [0x00000000eb180000, 0x00000000f6680000, 0x0000000100000000)
  eden space 151552K, 100% used [0x00000000eb180000,0x00000000f4580000,0x00000000f4580000)
  from space 13312K, 99% used [0x00000000f5500000,0x00000000f61feeb0,0x00000000f6200000)
  to   space 15872K, 0% used [0x00000000f4580000,0x00000000f4580000,0x00000000f5500000)
 ParOldGen       total 57344K, used 17914K [0x00000000c1400000, 0x00000000c4c00000, 0x00000000eb180000)
  object space 57344K, 31% used [0x00000000c1400000,0x00000000c257e850,0x00000000c4c00000)
 Metaspace       used 52048K, capacity 53946K, committed 54144K, reserved 1095680K
  class space    used 6621K, capacity 6935K, committed 7040K, reserved 1048576K
Event: 16.829 GC heap after
Heap after GC invocations=15 (full 2):
 PSYoungGen      total 167424K, used 13575K [0x00000000eb180000, 0x00000000f9b80000, 0x0000000100000000)
  eden space 151552K, 0% used [0x00000000eb180000,0x00000000eb180000,0x00000000f4580000)
  from space 15872K, 85% used [0x00000000f4580000,0x00000000f52c1c18,0x00000000f5500000)
  to   space 16896K, 0% used [0x00000000f8b00000,0x00000000f8b00000,0x00000000f9b80000)
 ParOldGen       total 57344K, used 21140K [0x00000000c1400000, 0x00000000c4c00000, 0x00000000eb180000)
  object space 57344K, 36% used [0x00000000c1400000,0x00000000c28a52b8,0x00000000c4c00000)
 Metaspace       used 52048K, capacity 53946K, committed 54144K, reserved 1095680K
  class space    used 6621K, capacity 6935K, committed 7040K, reserved 1048576K
}
Event: 18.582 GC heap before
{Heap before GC invocations=16 (full 2):
 PSYoungGen      total 167424K, used 165127K [0x00000000eb180000, 0x00000000f9b80000, 0x0000000100000000)
  eden space 151552K, 100% used [0x00000000eb180000,0x00000000f4580000,0x00000000f4580000)
  from space 15872K, 85% used [0x00000000f4580000,0x00000000f52c1c18,0x00000000f5500000)
  to   space 16896K, 0% used [0x00000000f8b00000,0x00000000f8b00000,0x00000000f9b80000)
 ParOldGen       total 57344K, used 21140K [0x00000000c1400000, 0x00000000c4c00000, 0x00000000eb180000)
  object space 57344K, 36% used [0x00000000c1400000,0x00000000c28a52b8,0x00000000c4c00000)
 Metaspace       used 54847K, capacity 57030K, committed 57088K, reserved 1099776K
  class space    used 7057K, capacity 7417K, committed 7424K, reserved 1048576K
Event: 18.639 GC heap after
Heap after GC invocations=16 (full 2):
 PSYoungGen      total 222720K, used 10955K [0x00000000eb180000, 0x00000000f9d80000, 0x0000000100000000)
  eden space 205824K, 0% used [0x00000000eb180000,0x00000000eb180000,0x00000000f7a80000)
  from space 16896K, 64% used [0x00000000f8b00000,0x00000000f95b2f88,0x00000000f9b80000)
  to   space 16896K, 0% used [0x00000000f7a80000,0x00000000f7a80000,0x00000000f8b00000)
 ParOldGen       total 57344K, used 28226K [0x00000000c1400000, 0x00000000c4c00000, 0x00000000eb180000)
  object space 57344K, 49% used [0x00000000c1400000,0x00000000c2f90928,0x00000000c4c00000)
 Metaspace       used 54847K, capacity 57030K, committed 57088K, reserved 1099776K
  class space    used 7057K, capacity 7417K, committed 7424K, reserved 1048576K
}
Event: 19.035 GC heap before
{Heap before GC invocations=17 (full 2):
 PSYoungGen      total 222720K, used 28926K [0x00000000eb180000, 0x00000000f9d80000, 0x0000000100000000)
  eden space 205824K, 8% used [0x00000000eb180000,0x00000000ec30cb98,0x00000000f7a80000)
  from space 16896K, 64% used [0x00000000f8b00000,0x00000000f95b2f88,0x00000000f9b80000)
  to   space 16896K, 0% used [0x00000000f7a80000,0x00000000f7a80000,0x00000000f8b00000)
 ParOldGen       total 57344K, used 28226K [0x00000000c1400000, 0x00000000c4c00000, 0x00000000eb180000)
  object space 57344K, 49% used [0x00000000c1400000,0x00000000c2f90928,0x00000000c4c00000)
 Metaspace       used 56725K, capacity 59004K, committed 59160K, reserved 1101824K
  class space    used 7308K, capacity 7718K, committed 7808K, reserved 1048576K
Event: 19.065 GC heap after
Heap after GC invocations=17 (full 2):
 PSYoungGen      total 222720K, used 1870K [0x00000000eb180000, 0x00000000f9d80000, 0x0000000100000000)
  eden space 205824K, 0% used [0x00000000eb180000,0x00000000eb180000,0x00000000f7a80000)
  from space 16896K, 11% used [0x00000000f7a80000,0x00000000f7c538d0,0x00000000f8b00000)
  to   space 16896K, 0% used [0x00000000f8b00000,0x00000000f8b00000,0x00000000f9b80000)
 ParOldGen       total 57344K, used 37114K [0x00000000c1400000, 0x00000000c4c00000, 0x00000000eb180000)
  object space 57344K, 64% used [0x00000000c1400000,0x00000000c383e9b8,0x00000000c4c00000)
 Metaspace       used 56725K, capacity 59004K, committed 59160K, reserved 1101824K
  class space    used 7308K, capacity 7718K, committed 7808K, reserved 1048576K
}
Event: 19.065 GC heap before
{Heap before GC invocations=18 (full 3):
 PSYoungGen      total 222720K, used 1870K [0x00000000eb180000, 0x00000000f9d80000, 0x0000000100000000)
  eden space 205824K, 0% used [0x00000000eb180000,0x00000000eb180000,0x00000000f7a80000)
  from space 16896K, 11% used [0x00000000f7a80000,0x00000000f7c538d0,0x00000000f8b00000)
  to   space 16896K, 0% used [0x00000000f8b00000,0x00000000f8b00000,0x00000000f9b80000)
 ParOldGen       total 57344K, used 37114K [0x00000000c1400000, 0x00000000c4c00000, 0x00000000eb180000)
  object space 57344K, 64% used [0x00000000c1400000,0x00000000c383e9b8,0x00000000c4c00000)
 Metaspace       used 56725K, capacity 59004K, committed 59160K, reserved 1101824K
  class space    used 7308K, capacity 7718K, committed 7808K, reserved 1048576K
Event: 19.362 GC heap after
Heap after GC invocations=18 (full 3):
 PSYoungGen      total 222720K, used 0K [0x00000000eb180000, 0x00000000f9d80000, 0x0000000100000000)
  eden space 205824K, 0% used [0x00000000eb180000,0x00000000eb180000,0x00000000f7a80000)
  from space 16896K, 0% used [0x00000000f7a80000,0x00000000f7a80000,0x00000000f8b00000)
  to   space 16896K, 0% used [0x00000000f8b00000,0x00000000f8b00000,0x00000000f9b80000)
 ParOldGen       total 57344K, used 33847K [0x00000000c1400000, 0x00000000c4c00000, 0x00000000eb180000)
  object space 57344K, 59% used [0x00000000c1400000,0x00000000c350dfd8,0x00000000c4c00000)
 Metaspace       used 56725K, capacity 59004K, committed 59160K, reserved 1101824K
  class space    used 7308K, capacity 7718K, committed 7808K, reserved 1048576K
}
Event: 21.650 GC heap before
{Heap before GC invocations=19 (full 3):
 PSYoungGen      total 222720K, used 205824K [0x00000000eb180000, 0x00000000f9d80000, 0x0000000100000000)
  eden space 205824K, 100% used [0x00000000eb180000,0x00000000f7a80000,0x00000000f7a80000)
  from space 16896K, 0% used [0x00000000f7a80000,0x00000000f7a80000,0x00000000f8b00000)
  to   space 16896K, 0% used [0x00000000f8b00000,0x00000000f8b00000,0x00000000f9b80000)
 ParOldGen       total 57344K, used 33847K [0x00000000c1400000, 0x00000000c4c00000, 0x00000000eb180000)
  object space 57344K, 59% used [0x00000000c1400000,0x00000000c350dfd8,0x00000000c4c00000)
 Metaspace       used 61028K, capacity 63740K, committed 64000K, reserved 1105920K
  class space    used 7930K, capacity 8386K, committed 8448K, reserved 1048576K
Event: 21.675 GC heap after
Heap after GC invocations=19 (full 3):
 PSYoungGen      total 222720K, used 9418K [0x00000000eb180000, 0x00000000f9d80000, 0x0000000100000000)
  eden space 205824K, 0% used [0x00000000eb180000,0x00000000eb180000,0x00000000f7a80000)
  from space 16896K, 55% used [0x00000000f8b00000,0x00000000f9432978,0x00000000f9b80000)
  to   space 16896K, 0% used [0x00000000f7a80000,0x00000000f7a80000,0x00000000f8b00000)
 ParOldGen       total 57344K, used 33855K [0x00000000c1400000, 0x00000000c4c00000, 0x00000000eb180000)
  object space 57344K, 59% used [0x00000000c1400000,0x00000000c350ffd8,0x00000000c4c00000)
 Metaspace       used 61028K, capacity 63740K, committed 64000K, reserved 1105920K
  class space    used 7930K, capacity 8386K, committed 8448K, reserved 1048576K
}

